0.001166
-0.347647
-11.4133

0.003681
0.409516
-3.77219

0.010353
-0.182329
-1.22835

0.018127
0.31407
5.8681

0.041095
-0.342398
-20.0934

0.091286
-0.288653
-2.59301

0.164663
-0.782217
-28.6095

0.322957
-0.311004
-132.583

0.728181
0.132065
121.355

1.39402
-0.315102
183.708

3.14993
0.198466
1732.69

6.37131
-0.0644257
-823.083

12.6125
-0.420185
-1457.98

25.6886
0.394634
-2679.6

51.6096
-0.515646
-1113.37

102.903
-0.939839
-391.233

205.6
-0.965149
-7465.89

411.365
0.509175
-1331.66

928.221
-0.546845
3183.16

9313.31
0.270311
15908.4

18500
0.841989
2357.52

