10.3963
0.712947
0.0719533
0.749824
-0.6147
0.0731893
0.793408
-2.28393
0.40171
0.633088
6.66515
2.55691
0.666752
7.01613
-2.28154
0.771328
-0.849653
-0.161781
0.729728
1.54553
-0.3769
0.657152
-0.151772
-1.25753
0.596864
5.58783
-0.600128
0.747968
3.1542
3.16578
0.758272
-4.7099
7.73833
0.875584
-4.75984
-4.68199
1.15245
7.58909
2.59521
1.7041
-2.49849
5.44057
2.83411
3.88948
1.65237
4.84038
-0.427596
-1.30577
8.72499
-2.24564
-0.594738
16.4265
4.8888
-0.729806
29.3285
-0.364407
-0.2765
57.8563
2.46648
4.90979
