-0.491267
6.53501
26.8586

-2.92327
7.45811
13.8086

-2.36117
-4.12425
9.59282

-7.06976
4.90795
7.29728

0.132426
10.5607
8.01663

0.738858
13.3393
7.24299

-7.35539
8.66971
6.43532

-2.31856
1.0033
5.4021

-0.0753787
-1.20049
15.3135

3.13472
2.34081
11.3832

-4.31634
0.318597
21.0407

0.868364
-1.97697
15.6738

4.84609
8.36493
15.3827

4.08689
-0.686813
15.9044

-18.5056
-5.15859
13.6401

-14.3788
6.06689
17.6144

10.6638
7.25627
22.2095

11.7647
1.3448
15.6037

-7.7069
-7.53707
19.0701

-8.47722
-5.29883
15.3217

