68.4932
59.9668
7778.93

150.597
67.2014
4148.31

-26.5031
-153.294
2786.17

-128.732
-64.5171
2144.9

-0.288733
-3.43201
1720.19

24.1838
57.4909
1460.32

-34.7857
-151.226
1230.95

104.748
97.0071
1152.77

16.4709
-44.8788
1043.76

-75.1749
-7.86002
940.207

109.287
-31.24
1260.6

-154.859
55.587
1183.95

-54.4918
129.393
1089.3

23.5349
3.58314
1052.69

62.2943
-123.053
1001.42

-130.896
11.7148
1071.91

-0.648157
57.8327
1037.24

-15.1862
60.1676
1008.61

-99.388
-1.64732
962.423

-32.7004
-29.6119
917.427

