Reduction result: 1024
Elapsed time (ms): 1.02086
Reduction result: 4092
Elapsed time (ms): 0.82672
Reduction result: 6136
Elapsed time (ms): 0.81408
Reduction result: 10224
Elapsed time (ms): 0.82736
Reduction result: 18400
Elapsed time (ms): 0.681696
Reduction result: 34752
Elapsed time (ms): 0.750784
Reduction result: 67456
Elapsed time (ms): 0.777056
Reduction result: 229376
Elapsed time (ms): 0.708288
Reduction result: 458752
Elapsed time (ms): 0.711552
Reduction result: 1.01581e+06
Elapsed time (ms): 0.692256
Reduction result: 3.32808e-42
Elapsed time (ms): 0
Reduction result: 3.32808e-42
Elapsed time (ms): 0
Reduction result: 3.32808e-42
Elapsed time (ms): 0
Reduction result: 3.32808e-42
Elapsed time (ms): 0
Reduction result: 3.32808e-42
Elapsed time (ms): 0
Reduction result: 3.32808e-42
Elapsed time (ms): 0
Reduction result: 3.32808e-42
Elapsed time (ms): 0
Reduction result: 3.32808e-42
Elapsed time (ms): 0
Reduction result: 3.32808e-42
Elapsed time (ms): 0
Reduction result: 3.32808e-42
Elapsed time (ms): 0
Reduction result: 0
Elapsed time (ms): 0
