-491
137
Time ELapsed 45.043

40.1818
66.5946
Time ELapsed 0.025056

139.758
247.201
Time ELapsed 0.025824

67
-51
Time ELapsed 0.543552

421.598
2.22161
Time ELapsed 0.026432

-13.7691
70.545
Time ELapsed 0.035136

41
-156
Time ELapsed 0.647552

241.947
364.007
Time ELapsed 0.0304

283.033
-89.0094
Time ELapsed 0.050944

312
-100
Time ELapsed 0.651264

355.933
-56.2823
Time ELapsed 0.05984

-240.763
91.0522
Time ELapsed 0.150304

-77
485
Time ELapsed 1.29392

1025.07
-1204.55
Time ELapsed 0.237824

-909.281
592.584
Time ELapsed 0.788608

1790
-478
Time ELapsed 2.17574

-1562.44
968.67
Time ELapsed 1.6304

-145.298
96.5022
Time ELapsed 5.66438

-2074
2104
Time ELapsed 12.8799

1373.32
-701.681
Time ELapsed 12.2519

-787.334
-524.194
Time ELapsed 43.9466

932
3944
Time ELapsed 105.614

-24.3471
2080.26
Time ELapsed 99.0005

-346.056
4512.87
Time ELapsed 336.073

2474
938
Time ELapsed 794.312

-198.738
-1105.26
Time ELapsed 791.742

1809.63
-1093.44
Time ELapsed 2682.09

-1673
4869
Time ELapsed 6357.59

3357.2
-554.022
Time ELapsed 6346.2

1733.98
-1468.81
Time ELapsed 21551.1

